<?xml version="1.0" encoding="UTF-8"?>
<!-- Generated by org.testng.reporters.JUnitXMLReporter -->
<testsuite hostname="Rohans-MBP-2.attlocal.net" ignored="0" name="Login_InvalidData" tests="2" failures="2" timestamp="2020-06-12T13:54:42 PDT" time="9.42" errors="0">
  <testcase name="TC1InValidCresentials" time="5.076" classname="com.salesforce.TC2_SFDC_LoginInvalid">
    <failure type="java.lang.AssertionError" message="expected:&amp;lt;Please enter your password.&amp;gt; but was:&amp;lt;true&amp;gt;">
      <![CDATA[java.lang.AssertionError: expected:<Please enter your password.> but was:<true>
at com.salesforce.TC2_SFDC_LoginInvalid.TC1InValidCresentials(TC2_SFDC_LoginInvalid.java:43)
at java.util.ArrayList.forEach(ArrayList.java:1249)
... Removed 31 stack frames]]>
    </failure>
  </testcase> <!-- TC1InValidCresentials -->
  <testcase name="TC1InValidCresentials" time="4.332" classname="com.salesforce.TC2_SFDC_LoginInvalid">
    <failure type="java.lang.AssertionError" message="expected:&amp;lt;Please check your username and password. If you still can&amp;apos;t log in, contact your Salesforce administrator.&amp;gt; but was:&amp;lt;true&amp;gt;">
      <![CDATA[java.lang.AssertionError: expected:<Please check your username and password. If you still can't log in, contact your Salesforce administrator.> but was:<true>
at com.salesforce.TC2_SFDC_LoginInvalid.TC1InValidCresentials(TC2_SFDC_LoginInvalid.java:49)
at java.util.ArrayList.forEach(ArrayList.java:1249)
... Removed 31 stack frames]]>
    </failure>
  </testcase> <!-- TC1InValidCresentials -->
</testsuite> <!-- Login_InvalidData -->
